Using pre-set license
Built from '2020.2/staging' branch; Version is '2020.2.6f1 (8a2143876886) revision 9052483'; Using compiler version '192528614'; Build Type 'Release'
OS: 'Windows 10 Pro; OS build 19042.804; Version 2009; 64bit' Language: 'es' Physical Memory: 16313 MB
BatchMode: 1, IsHumanControllingUs: 0, StartBugReporterOnCrash: 0, Is64bit: 1, IsPro: 0

 COMMAND LINE ARGUMENTS:
C:\Program Files\Unity\Hub\Editor\2020.2.6f1\Editor\Unity.exe
-adb2
-batchMode
-noUpm
-name
AssetImportWorker0
-projectPath
C:/Users/user/Desktop/Steven/videojuegos/Miel
-logFile
Logs/AssetImportWorker0.log
-srvPort
51665
Successfully changed project path to: C:/Users/user/Desktop/Steven/videojuegos/Miel
C:/Users/user/Desktop/Steven/videojuegos/Miel
Using Asset Import Pipeline V2.
Refreshing native plugins compatible for Editor in 23.98 ms, found 0 plugins.
Preloading 0 native plugins for Editor in 0.00 ms.
Initialize engine version: 2020.2.6f1 (8a2143876886)
[Subsystems] Discovering subsystems at path C:/Program Files/Unity/Hub/Editor/2020.2.6f1/Editor/Data/Resources/UnitySubsystems
[Subsystems] Discovering subsystems at path C:/Users/user/Desktop/Steven/videojuegos/Miel/Assets
GfxDevice: creating device client; threaded=0
Direct3D:
    Version:  Direct3D 11.0 [level 11.1]
    Renderer: NVIDIA GeForce GTX 1650 SUPER (ID=0x2187)
    Vendor:   
    VRAM:     3955 MB
    Driver:   27.21.14.6089
Initialize mono
Mono path[0] = 'C:/Program Files/Unity/Hub/Editor/2020.2.6f1/Editor/Data/Managed'
Mono path[1] = 'C:/Program Files/Unity/Hub/Editor/2020.2.6f1/Editor/Data/MonoBleedingEdge/lib/mono/unityjit'
Mono config path = 'C:/Program Files/Unity/Hub/Editor/2020.2.6f1/Editor/Data/MonoBleedingEdge/etc'
Using monoOptions --debugger-agent=transport=dt_socket,embedding=1,server=y,suspend=n,address=127.0.0.1:56196
Begin MonoManager ReloadAssembly
Registering precompiled unity dll's ...
Register platform support module: C:/Program Files/Unity/Hub/Editor/2020.2.6f1/Editor/Data/PlaybackEngines/WebGLSupport/UnityEditor.WebGL.Extensions.dll
Register platform support module: C:/Program Files/Unity/Hub/Editor/2020.2.6f1/Editor/Data/PlaybackEngines/WindowsStandaloneSupport/UnityEditor.WindowsStandalone.Extensions.dll
Registered in 0.002008 seconds.
Native extension for WindowsStandalone target not found
Native extension for WebGL target not found
Refreshing native plugins compatible for Editor in 22.97 ms, found 0 plugins.
Preloading 0 native plugins for Editor in 0.00 ms.
Invoked RoslynAnalysisRunner static constructor.
RoslynAnalysisRunner will not be running.
RoslynAnalysisRunner has terminated.
Mono: successfully reloaded assembly
- Completed reload, in  1.591 seconds
Platform modules already initialized, skipping
Registering precompiled user dll's ...
Registered in 0.000538 seconds.
Begin MonoManager ReloadAssembly
Native extension for WindowsStandalone target not found
Native extension for WebGL target not found
Refreshing native plugins compatible for Editor in 0.25 ms, found 0 plugins.
Preloading 0 native plugins for Editor in 0.00 ms.
Invoked RoslynAnalysisRunner static constructor.
RoslynAnalysisRunner will not be running.
RoslynAnalysisRunner has terminated.
Mono: successfully reloaded assembly
- Completed reload, in  0.678 seconds
Platform modules already initialized, skipping
========================================================================
Worker process is ready to serve import requests
Launched and connected shader compiler UnityShaderCompiler.exe after 0.04 seconds
Refreshing native plugins compatible for Editor in 0.27 ms, found 0 plugins.
Preloading 0 native plugins for Editor in 0.00 ms.
Unloading 1252 Unused Serialized files (Serialized files now loaded: 0)
System memory in use before: 74.0 MB.
System memory in use after: 74.1 MB.

Unloading 11 unused Assets to reduce memory usage. Loaded Objects now: 1712.
Total: 1.715000 ms (FindLiveObjects: 0.239500 ms CreateObjectMapping: 0.030600 ms MarkObjects: 1.364500 ms  DeleteObjects: 0.079500 ms)

========================================================================
Received Import Request.
  path: ProjectSettings/TagManager.asset
  artifactKey: Guid(00000000000000003000000000000000) Importer(815301076,1909f56bfc062723c751e8b465ee728b)
Start importing ProjectSettings/TagManager.asset using Guid(00000000000000003000000000000000) Importer(815301076,1909f56bfc062723c751e8b465ee728b)  -> (artifact id: 'b2dee9ced0a85d274b96b1466a3268ad') in 0.027918 seconds
  Import took 0.030019 seconds .

========================================================================
Received Prepare
Registering precompiled user dll's ...
Registered in 0.000778 seconds.
Begin MonoManager ReloadAssembly
Native extension for WindowsStandalone target not found
Native extension for WebGL target not found
Refreshing native plugins compatible for Editor in 0.28 ms, found 0 plugins.
Preloading 0 native plugins for Editor in 0.00 ms.
Invoked RoslynAnalysisRunner static constructor.
RoslynAnalysisRunner will not be running.
RoslynAnalysisRunner has terminated.
Mono: successfully reloaded assembly
- Completed reload, in  0.676 seconds
Platform modules already initialized, skipping
Refreshing native plugins compatible for Editor in 0.26 ms, found 0 plugins.
Preloading 0 native plugins for Editor in 0.00 ms.
Unloading 1247 Unused Serialized files (Serialized files now loaded: 0)
System memory in use before: 74.0 MB.
System memory in use after: 74.1 MB.

Unloading 7 unused Assets to reduce memory usage. Loaded Objects now: 1715.
Total: 1.513200 ms (FindLiveObjects: 0.142300 ms CreateObjectMapping: 0.029700 ms MarkObjects: 1.281100 ms  DeleteObjects: 0.059100 ms)

========================================================================
Received Import Request.
  Time since last request: 819.859288 seconds.
  path: Assets/terrain/extras/WoodenCabinFbx.fbx
  artifactKey: Guid(2a681c922bbbc97479cb17f1e82552af) Importer(815301076,1909f56bfc062723c751e8b465ee728b)
Start importing Assets/terrain/extras/WoodenCabinFbx.fbx using Guid(2a681c922bbbc97479cb17f1e82552af) Importer(815301076,1909f56bfc062723c751e8b465ee728b)  -> (artifact id: '65b07e9762c5f86a058c496e0ff0c591') in 0.150631 seconds
  Import took 0.153081 seconds .

========================================================================
Received Prepare
Registering precompiled user dll's ...
Registered in 0.000565 seconds.
Begin MonoManager ReloadAssembly
Native extension for WindowsStandalone target not found
Native extension for WebGL target not found
Refreshing native plugins compatible for Editor in 0.28 ms, found 0 plugins.
Preloading 0 native plugins for Editor in 0.00 ms.
Invoked RoslynAnalysisRunner static constructor.
RoslynAnalysisRunner will not be running.
RoslynAnalysisRunner has terminated.
Mono: successfully reloaded assembly
- Completed reload, in  0.624 seconds
Platform modules already initialized, skipping
Refreshing native plugins compatible for Editor in 0.26 ms, found 0 plugins.
Preloading 0 native plugins for Editor in 0.00 ms.
Unloading 1246 Unused Serialized files (Serialized files now loaded: 0)
System memory in use before: 77.5 MB.
System memory in use after: 77.6 MB.

Unloading 6 unused Assets to reduce memory usage. Loaded Objects now: 1760.
Total: 1.866800 ms (FindLiveObjects: 0.226800 ms CreateObjectMapping: 0.043300 ms MarkObjects: 1.534500 ms  DeleteObjects: 0.061400 ms)

========================================================================
Received Prepare
Registering precompiled user dll's ...
Registered in 0.000528 seconds.
Begin MonoManager ReloadAssembly
Native extension for WindowsStandalone target not found
Native extension for WebGL target not found
Refreshing native plugins compatible for Editor in 0.26 ms, found 0 plugins.
Preloading 0 native plugins for Editor in 0.00 ms.
Invoked RoslynAnalysisRunner static constructor.
RoslynAnalysisRunner will not be running.
RoslynAnalysisRunner has terminated.
Mono: successfully reloaded assembly
- Completed reload, in  0.633 seconds
Platform modules already initialized, skipping
Refreshing native plugins compatible for Editor in 0.30 ms, found 0 plugins.
Preloading 0 native plugins for Editor in 0.00 ms.
Unloading 1246 Unused Serialized files (Serialized files now loaded: 0)
System memory in use before: 77.6 MB.
System memory in use after: 77.6 MB.

Unloading 6 unused Assets to reduce memory usage. Loaded Objects now: 1762.
Total: 1.802600 ms (FindLiveObjects: 0.195400 ms CreateObjectMapping: 0.031100 ms MarkObjects: 1.510500 ms  DeleteObjects: 0.064400 ms)

========================================================================
Received Prepare
Registering precompiled user dll's ...
Registered in 0.000565 seconds.
Begin MonoManager ReloadAssembly
Native extension for WindowsStandalone target not found
Native extension for WebGL target not found
Refreshing native plugins compatible for Editor in 0.27 ms, found 0 plugins.
Preloading 0 native plugins for Editor in 0.00 ms.
Invoked RoslynAnalysisRunner static constructor.
RoslynAnalysisRunner will not be running.
RoslynAnalysisRunner has terminated.
Mono: successfully reloaded assembly
- Completed reload, in  0.632 seconds
Platform modules already initialized, skipping
Refreshing native plugins compatible for Editor in 0.25 ms, found 0 plugins.
Preloading 0 native plugins for Editor in 0.00 ms.
Unloading 1246 Unused Serialized files (Serialized files now loaded: 0)
System memory in use before: 77.6 MB.
System memory in use after: 77.6 MB.

Unloading 6 unused Assets to reduce memory usage. Loaded Objects now: 1764.
Total: 1.730700 ms (FindLiveObjects: 0.183700 ms CreateObjectMapping: 0.032000 ms MarkObjects: 1.455700 ms  DeleteObjects: 0.058500 ms)

========================================================================
Received Prepare
Registering precompiled user dll's ...
Registered in 0.000634 seconds.
Begin MonoManager ReloadAssembly
Native extension for WindowsStandalone target not found
Native extension for WebGL target not found
Refreshing native plugins compatible for Editor in 0.25 ms, found 0 plugins.
Preloading 0 native plugins for Editor in 0.00 ms.
Invoked RoslynAnalysisRunner static constructor.
RoslynAnalysisRunner will not be running.
RoslynAnalysisRunner has terminated.
Mono: successfully reloaded assembly
- Completed reload, in  0.624 seconds
Platform modules already initialized, skipping
Refreshing native plugins compatible for Editor in 0.25 ms, found 0 plugins.
Preloading 0 native plugins for Editor in 0.00 ms.
Unloading 1246 Unused Serialized files (Serialized files now loaded: 0)
System memory in use before: 77.6 MB.
System memory in use after: 77.6 MB.

Unloading 6 unused Assets to reduce memory usage. Loaded Objects now: 1766.
Total: 2.057500 ms (FindLiveObjects: 0.201200 ms CreateObjectMapping: 0.033800 ms MarkObjects: 1.748600 ms  DeleteObjects: 0.072600 ms)

========================================================================
Received Prepare
Registering precompiled user dll's ...
Registered in 0.000603 seconds.
Begin MonoManager ReloadAssembly
Native extension for WindowsStandalone target not found
Native extension for WebGL target not found
Refreshing native plugins compatible for Editor in 0.27 ms, found 0 plugins.
Preloading 0 native plugins for Editor in 0.00 ms.
Invoked RoslynAnalysisRunner static constructor.
RoslynAnalysisRunner will not be running.
RoslynAnalysisRunner has terminated.
Mono: successfully reloaded assembly
- Completed reload, in  0.628 seconds
Platform modules already initialized, skipping
Refreshing native plugins compatible for Editor in 0.27 ms, found 0 plugins.
Preloading 0 native plugins for Editor in 0.00 ms.
Unloading 1246 Unused Serialized files (Serialized files now loaded: 0)
System memory in use before: 77.6 MB.
System memory in use after: 77.7 MB.

Unloading 6 unused Assets to reduce memory usage. Loaded Objects now: 1768.
Total: 1.649100 ms (FindLiveObjects: 0.185900 ms CreateObjectMapping: 0.028400 ms MarkObjects: 1.368100 ms  DeleteObjects: 0.065000 ms)

========================================================================
Received Import Request.
  Time since last request: 3931.772751 seconds.
  path: Assets/terrain/BrokenVector/LowPolyTreePack/Models/Tree Type0 01.dae
  artifactKey: Guid(d2821924b86cff5439f12b0289585dbf) Importer(815301076,1909f56bfc062723c751e8b465ee728b)
Start importing Assets/terrain/BrokenVector/LowPolyTreePack/Models/Tree Type0 01.dae using Guid(d2821924b86cff5439f12b0289585dbf) Importer(815301076,1909f56bfc062723c751e8b465ee728b)  -> (artifact id: 'f40fb8fbc7b00284f11e3b9475db21e2') in 0.080867 seconds
  Import took 0.083252 seconds .

========================================================================
Received Import Request.
  Time since last request: 0.000176 seconds.
  path: Assets/terrain/BrokenVector/LowPolyTreePack/Models/Tree Type0 02.dae
  artifactKey: Guid(6b63ca9c7bc00f24b81b6cb48095b9a9) Importer(815301076,1909f56bfc062723c751e8b465ee728b)
Start importing Assets/terrain/BrokenVector/LowPolyTreePack/Models/Tree Type0 02.dae using Guid(6b63ca9c7bc00f24b81b6cb48095b9a9) Importer(815301076,1909f56bfc062723c751e8b465ee728b)  -> (artifact id: '3c9abaca253e88eb0edd888273b2e76e') in 0.036172 seconds
  Import took 0.038061 seconds .

========================================================================
Received Import Request.
  Time since last request: 1.517529 seconds.
  path: Assets/terrain/BrokenVector/LowPolyTreePack/Models/Tree Type0 03.dae
  artifactKey: Guid(5648c7aa655120f44aab862e4a038f3c) Importer(815301076,1909f56bfc062723c751e8b465ee728b)
Start importing Assets/terrain/BrokenVector/LowPolyTreePack/Models/Tree Type0 03.dae using Guid(5648c7aa655120f44aab862e4a038f3c) Importer(815301076,1909f56bfc062723c751e8b465ee728b)  -> (artifact id: '9a4d0ea5f87e0523aa8eecd24b60fd6a') in 0.014558 seconds
  Import took 0.016946 seconds .

========================================================================
Received Import Request.
  Time since last request: 0.000167 seconds.
  path: Assets/terrain/BrokenVector/LowPolyTreePack/Models/Tree Type0 04.dae
  artifactKey: Guid(b4f0e46a9f630054c925d3d92d45584e) Importer(815301076,1909f56bfc062723c751e8b465ee728b)
Start importing Assets/terrain/BrokenVector/LowPolyTreePack/Models/Tree Type0 04.dae using Guid(b4f0e46a9f630054c925d3d92d45584e) Importer(815301076,1909f56bfc062723c751e8b465ee728b)  -> (artifact id: '7a4b19d3e42784cec077e4511fcad5a2') in 0.019973 seconds
  Import took 0.022201 seconds .

========================================================================
Received Import Request.
  Time since last request: 0.037878 seconds.
  path: Assets/terrain/BrokenVector/LowPolyTreePack/Models/Tree Type0 05.dae
  artifactKey: Guid(c8fd0d31d77530344baa4b459b8e221e) Importer(815301076,1909f56bfc062723c751e8b465ee728b)
Start importing Assets/terrain/BrokenVector/LowPolyTreePack/Models/Tree Type0 05.dae using Guid(c8fd0d31d77530344baa4b459b8e221e) Importer(815301076,1909f56bfc062723c751e8b465ee728b)  -> (artifact id: 'fd19a4368446f99a08b77a74e3b86ab2') in 0.039985 seconds
  Import took 0.042249 seconds .

========================================================================
Received Import Request.
  Time since last request: 0.000182 seconds.
  path: Assets/terrain/BrokenVector/LowPolyTreePack/Models/Tree Type0 06.dae
  artifactKey: Guid(58e56545a2d219944b78729eaa444a51) Importer(815301076,1909f56bfc062723c751e8b465ee728b)
Start importing Assets/terrain/BrokenVector/LowPolyTreePack/Models/Tree Type0 06.dae using Guid(58e56545a2d219944b78729eaa444a51) Importer(815301076,1909f56bfc062723c751e8b465ee728b)  -> (artifact id: '80ef9e11a3c768b724c63ddaab355359') in 0.057897 seconds
  Import took 0.059712 seconds .

========================================================================
Received Import Request.
  Time since last request: 0.797731 seconds.
  path: Assets/terrain/BrokenVector/LowPolyTreePack/Models/Tree Type1 01.dae
  artifactKey: Guid(cb132eeaea305bc478721cc9b5cb57f8) Importer(815301076,1909f56bfc062723c751e8b465ee728b)
Start importing Assets/terrain/BrokenVector/LowPolyTreePack/Models/Tree Type1 01.dae using Guid(cb132eeaea305bc478721cc9b5cb57f8) Importer(815301076,1909f56bfc062723c751e8b465ee728b)  -> (artifact id: 'f27c77b02cf045ae3beeb2681595edec') in 0.036722 seconds
  Import took 0.039018 seconds .

========================================================================
Received Import Request.
  Time since last request: 0.000201 seconds.
  path: Assets/terrain/BrokenVector/LowPolyTreePack/Models/Tree Type1 02.dae
  artifactKey: Guid(e063977d54ec61849aacc1b8e9eafc6f) Importer(815301076,1909f56bfc062723c751e8b465ee728b)
Start importing Assets/terrain/BrokenVector/LowPolyTreePack/Models/Tree Type1 02.dae using Guid(e063977d54ec61849aacc1b8e9eafc6f) Importer(815301076,1909f56bfc062723c751e8b465ee728b)  -> (artifact id: '0b69f14138e86f5e76000a0752906369') in 0.070018 seconds
  Import took 0.072522 seconds .

========================================================================
Received Import Request.
  Time since last request: 0.110701 seconds.
  path: Assets/terrain/BrokenVector/LowPolyTreePack/Models/Tree Type1 03.dae
  artifactKey: Guid(dec71bb4e66221144b5db0af9e0f39d5) Importer(815301076,1909f56bfc062723c751e8b465ee728b)
Start importing Assets/terrain/BrokenVector/LowPolyTreePack/Models/Tree Type1 03.dae using Guid(dec71bb4e66221144b5db0af9e0f39d5) Importer(815301076,1909f56bfc062723c751e8b465ee728b)  -> (artifact id: '6c9b4bbf5157ce512d43cee1efa49265') in 0.033620 seconds
  Import took 0.036085 seconds .

========================================================================
Received Import Request.
  Time since last request: 0.000177 seconds.
  path: Assets/terrain/BrokenVector/LowPolyTreePack/Models/Tree Type1 04.dae
  artifactKey: Guid(0ddb82da3485fac4dbfe187acb70a610) Importer(815301076,1909f56bfc062723c751e8b465ee728b)
Start importing Assets/terrain/BrokenVector/LowPolyTreePack/Models/Tree Type1 04.dae using Guid(0ddb82da3485fac4dbfe187acb70a610) Importer(815301076,1909f56bfc062723c751e8b465ee728b)  -> (artifact id: '99429175075765b9e3ff7335c73149fd') in 0.041440 seconds
  Import took 0.043523 seconds .

========================================================================
Received Import Request.
  Time since last request: 0.000191 seconds.
  path: Assets/terrain/BrokenVector/LowPolyTreePack/Models/Tree Type1 05.dae
  artifactKey: Guid(f6c597498257ae843adeb6a76dd3013e) Importer(815301076,1909f56bfc062723c751e8b465ee728b)
Start importing Assets/terrain/BrokenVector/LowPolyTreePack/Models/Tree Type1 05.dae using Guid(f6c597498257ae843adeb6a76dd3013e) Importer(815301076,1909f56bfc062723c751e8b465ee728b)  -> (artifact id: 'f9ac8882e1f035863a6767ceccabfa0d') in 0.038532 seconds
  Import took 0.040605 seconds .

========================================================================
Received Import Request.
  Time since last request: 0.000180 seconds.
  path: Assets/terrain/BrokenVector/LowPolyTreePack/Models/Tree Type2 01.dae
  artifactKey: Guid(b3d80aad1767322488af8777deb5fd54) Importer(815301076,1909f56bfc062723c751e8b465ee728b)
Start importing Assets/terrain/BrokenVector/LowPolyTreePack/Models/Tree Type2 01.dae using Guid(b3d80aad1767322488af8777deb5fd54) Importer(815301076,1909f56bfc062723c751e8b465ee728b)  -> (artifact id: '556262bdd9111e88eaa60d8292d999c0') in 0.039211 seconds
  Import took 0.041146 seconds .

========================================================================
Received Import Request.
  Time since last request: 0.759870 seconds.
  path: Assets/terrain/BrokenVector/LowPolyTreePack/Models/Tree Type2 02.dae
  artifactKey: Guid(2ea73da7fe37e7b42bb77b26e97df11f) Importer(815301076,1909f56bfc062723c751e8b465ee728b)
Start importing Assets/terrain/BrokenVector/LowPolyTreePack/Models/Tree Type2 02.dae using Guid(2ea73da7fe37e7b42bb77b26e97df11f) Importer(815301076,1909f56bfc062723c751e8b465ee728b)  -> (artifact id: '76f42934276ae9ceaa757fbf7814695f') in 0.034218 seconds
  Import took 0.036595 seconds .

========================================================================
Received Import Request.
  Time since last request: 0.000182 seconds.
  path: Assets/terrain/BrokenVector/LowPolyTreePack/Models/Tree Type2 03.dae
  artifactKey: Guid(770b1e3321cb97344b7b5f9ccc2bfe56) Importer(815301076,1909f56bfc062723c751e8b465ee728b)
Start importing Assets/terrain/BrokenVector/LowPolyTreePack/Models/Tree Type2 03.dae using Guid(770b1e3321cb97344b7b5f9ccc2bfe56) Importer(815301076,1909f56bfc062723c751e8b465ee728b)  -> (artifact id: '30e76ec4a209b5474414a3db6c24633b') in 0.014388 seconds
  Import took 0.016522 seconds .

========================================================================
Received Import Request.
  Time since last request: 0.024602 seconds.
  path: Assets/terrain/BrokenVector/LowPolyTreePack/Models/Tree Type2 04.dae
  artifactKey: Guid(49a13064a6f46f1438de87926fc5fc42) Importer(815301076,1909f56bfc062723c751e8b465ee728b)
Start importing Assets/terrain/BrokenVector/LowPolyTreePack/Models/Tree Type2 04.dae using Guid(49a13064a6f46f1438de87926fc5fc42) Importer(815301076,1909f56bfc062723c751e8b465ee728b)  -> (artifact id: '13b60e4278aadf55b6112ab1671fd78f') in 0.034424 seconds
  Import took 0.036838 seconds .

========================================================================
Received Import Request.
  Time since last request: 0.000191 seconds.
  path: Assets/terrain/BrokenVector/LowPolyTreePack/Models/Tree Type3 02.dae
  artifactKey: Guid(68218c07874adef4fbe8100958fd9117) Importer(815301076,1909f56bfc062723c751e8b465ee728b)
Start importing Assets/terrain/BrokenVector/LowPolyTreePack/Models/Tree Type3 02.dae using Guid(68218c07874adef4fbe8100958fd9117) Importer(815301076,1909f56bfc062723c751e8b465ee728b)  -> (artifact id: 'd58778fe6f00791b836b5672600a6ed4') in 0.039699 seconds
  Import took 0.041819 seconds .

========================================================================
Received Import Request.
  Time since last request: 0.000208 seconds.
  path: Assets/terrain/BrokenVector/LowPolyTreePack/Models/Tree Type2 05.dae
  artifactKey: Guid(08370ae33fad3da4a8357631f8a9f5ae) Importer(815301076,1909f56bfc062723c751e8b465ee728b)
Start importing Assets/terrain/BrokenVector/LowPolyTreePack/Models/Tree Type2 05.dae using Guid(08370ae33fad3da4a8357631f8a9f5ae) Importer(815301076,1909f56bfc062723c751e8b465ee728b)  -> (artifact id: '101806af61ac0af8755a20f6a8554b81') in 0.034889 seconds
  Import took 0.036964 seconds .

========================================================================
Received Import Request.
  Time since last request: 0.000197 seconds.
  path: Assets/terrain/BrokenVector/LowPolyTreePack/Models/Tree Type3 01.dae
  artifactKey: Guid(5166d739d26f73246a2623515169479e) Importer(815301076,1909f56bfc062723c751e8b465ee728b)
Start importing Assets/terrain/BrokenVector/LowPolyTreePack/Models/Tree Type3 01.dae using Guid(5166d739d26f73246a2623515169479e) Importer(815301076,1909f56bfc062723c751e8b465ee728b)  -> (artifact id: 'ff21e3c50f1f41f8a0f4b989d815ae3f') in 0.036251 seconds
  Import took 0.038108 seconds .

========================================================================
Received Import Request.
  Time since last request: 0.000196 seconds.
  path: Assets/terrain/BrokenVector/LowPolyTreePack/Models/Tree Type3 04.dae
  artifactKey: Guid(f52689dc8ea801b46874ff4a4a6c328a) Importer(815301076,1909f56bfc062723c751e8b465ee728b)
Start importing Assets/terrain/BrokenVector/LowPolyTreePack/Models/Tree Type3 04.dae using Guid(f52689dc8ea801b46874ff4a4a6c328a) Importer(815301076,1909f56bfc062723c751e8b465ee728b)  -> (artifact id: 'cc8de2a906ba26faf5589940dfcc984e') in 0.040478 seconds
  Import took 0.042385 seconds .

========================================================================
Received Import Request.
  Time since last request: 0.000177 seconds.
  path: Assets/terrain/BrokenVector/LowPolyTreePack/Models/Tree Type3 03.dae
  artifactKey: Guid(35c5b6683953dc54f99f68b4a16819f7) Importer(815301076,1909f56bfc062723c751e8b465ee728b)
Start importing Assets/terrain/BrokenVector/LowPolyTreePack/Models/Tree Type3 03.dae using Guid(35c5b6683953dc54f99f68b4a16819f7) Importer(815301076,1909f56bfc062723c751e8b465ee728b)  -> (artifact id: '997236ca6373f31a920eeda71ee8caaf') in 0.037733 seconds
  Import took 0.039531 seconds .

========================================================================
Received Import Request.
  Time since last request: 0.309951 seconds.
  path: Assets/terrain/BrokenVector/LowPolyTreePack/Models/Tree Type3 05.dae
  artifactKey: Guid(0658909382c77d041b643ae92bd27b82) Importer(815301076,1909f56bfc062723c751e8b465ee728b)
Start importing Assets/terrain/BrokenVector/LowPolyTreePack/Models/Tree Type3 05.dae using Guid(0658909382c77d041b643ae92bd27b82) Importer(815301076,1909f56bfc062723c751e8b465ee728b)  -> (artifact id: 'b1b16d3ce3a0ca7a9825b8232d9a26cf') in 0.012712 seconds
  Import took 0.014989 seconds .

========================================================================
Received Import Request.
  Time since last request: 0.000180 seconds.
  path: Assets/terrain/BrokenVector/LowPolyTreePack/Models/Tree Type4 01.dae
  artifactKey: Guid(9ddce011fb3cf3341b8c252c9b00cb4c) Importer(815301076,1909f56bfc062723c751e8b465ee728b)
Start importing Assets/terrain/BrokenVector/LowPolyTreePack/Models/Tree Type4 01.dae using Guid(9ddce011fb3cf3341b8c252c9b00cb4c) Importer(815301076,1909f56bfc062723c751e8b465ee728b)  -> (artifact id: '28e67e2dcdb18f4eba89c7b1bd8e2281') in 0.039470 seconds
  Import took 0.041304 seconds .

========================================================================
Received Import Request.
  Time since last request: 0.000196 seconds.
  path: Assets/terrain/BrokenVector/LowPolyTreePack/Models/Tree Type4 02.dae
  artifactKey: Guid(20daf9d902df0d749bd16ac37a353854) Importer(815301076,1909f56bfc062723c751e8b465ee728b)
Start importing Assets/terrain/BrokenVector/LowPolyTreePack/Models/Tree Type4 02.dae using Guid(20daf9d902df0d749bd16ac37a353854) Importer(815301076,1909f56bfc062723c751e8b465ee728b)  -> (artifact id: 'dac55d7228dfc85ec55eaa00d8cf155a') in 0.036716 seconds
  Import took 0.038815 seconds .

========================================================================
Received Import Request.
  Time since last request: 0.000198 seconds.
  path: Assets/terrain/BrokenVector/LowPolyTreePack/Models/Tree Type4 03.dae
  artifactKey: Guid(10155e34e1176c3489486fbf0cef1736) Importer(815301076,1909f56bfc062723c751e8b465ee728b)
Start importing Assets/terrain/BrokenVector/LowPolyTreePack/Models/Tree Type4 03.dae using Guid(10155e34e1176c3489486fbf0cef1736) Importer(815301076,1909f56bfc062723c751e8b465ee728b)  -> (artifact id: '021fb489e6e769c13d7d1c565486fde2') in 0.037879 seconds
  Import took 0.040106 seconds .

========================================================================
Received Import Request.
  Time since last request: 0.128072 seconds.
  path: Assets/terrain/BrokenVector/LowPolyTreePack/Models/Tree Type4 04.dae
  artifactKey: Guid(361dbd13abe581240910f764f838d930) Importer(815301076,1909f56bfc062723c751e8b465ee728b)
Start importing Assets/terrain/BrokenVector/LowPolyTreePack/Models/Tree Type4 04.dae using Guid(361dbd13abe581240910f764f838d930) Importer(815301076,1909f56bfc062723c751e8b465ee728b)  -> (artifact id: '18a2e947796fd6e459f3651cfac48528') in 0.035570 seconds
  Import took 0.037939 seconds .

========================================================================
Received Import Request.
  Time since last request: 0.000193 seconds.
  path: Assets/terrain/BrokenVector/LowPolyTreePack/Models/Tree Type4 05.dae
  artifactKey: Guid(05f4a294fb6ca7e4c87b33948d1ebec3) Importer(815301076,1909f56bfc062723c751e8b465ee728b)
Start importing Assets/terrain/BrokenVector/LowPolyTreePack/Models/Tree Type4 05.dae using Guid(05f4a294fb6ca7e4c87b33948d1ebec3) Importer(815301076,1909f56bfc062723c751e8b465ee728b)  -> (artifact id: '07d57f9844b48f060913cf04f8d63f09') in 0.056287 seconds
  Import took 0.058468 seconds .

========================================================================
Received Import Request.
  Time since last request: 0.000178 seconds.
  path: Assets/terrain/BrokenVector/LowPolyTreePack/Models/Tree Type5 02.dae
  artifactKey: Guid(eec2a0a67f1c8b243a386ec359eda522) Importer(815301076,1909f56bfc062723c751e8b465ee728b)
Start importing Assets/terrain/BrokenVector/LowPolyTreePack/Models/Tree Type5 02.dae using Guid(eec2a0a67f1c8b243a386ec359eda522) Importer(815301076,1909f56bfc062723c751e8b465ee728b)  -> (artifact id: 'b53c5d2d07c5e83dda053a96c96ed155') in 0.061218 seconds
  Import took 0.063404 seconds .

========================================================================
Received Import Request.
  Time since last request: 0.000210 seconds.
  path: Assets/terrain/BrokenVector/LowPolyTreePack/Models/Tree Type5 01.dae
  artifactKey: Guid(dfc73e1f73ca4d64da934fb2dcb38e9d) Importer(815301076,1909f56bfc062723c751e8b465ee728b)
Start importing Assets/terrain/BrokenVector/LowPolyTreePack/Models/Tree Type5 01.dae using Guid(dfc73e1f73ca4d64da934fb2dcb38e9d) Importer(815301076,1909f56bfc062723c751e8b465ee728b)  -> (artifact id: '7dcdc42e3647dc57f65d5d00f04348c7') in 0.057942 seconds
  Import took 0.060143 seconds .

========================================================================
Received Prepare
Registering precompiled user dll's ...
Registered in 0.000680 seconds.
Begin MonoManager ReloadAssembly
Native extension for WindowsStandalone target not found
Native extension for WebGL target not found
Refreshing native plugins compatible for Editor in 0.26 ms, found 0 plugins.
Preloading 0 native plugins for Editor in 0.00 ms.
Invoked RoslynAnalysisRunner static constructor.
RoslynAnalysisRunner will not be running.
RoslynAnalysisRunner has terminated.
Mono: successfully reloaded assembly
- Completed reload, in  0.604 seconds
Platform modules already initialized, skipping
Refreshing native plugins compatible for Editor in 0.31 ms, found 0 plugins.
Preloading 0 native plugins for Editor in 0.00 ms.
Unloading 1246 Unused Serialized files (Serialized files now loaded: 0)
System memory in use before: 77.7 MB.
System memory in use after: 77.8 MB.

Unloading 7 unused Assets to reduce memory usage. Loaded Objects now: 1771.
Total: 1.819700 ms (FindLiveObjects: 0.150700 ms CreateObjectMapping: 0.032700 ms MarkObjects: 1.569800 ms  DeleteObjects: 0.065400 ms)

========================================================================
Received Import Request.
  Time since last request: 1249.119374 seconds.
  path: Assets/personaje/linc.fbx
  artifactKey: Guid(87c5d8072e9beee4a9cc0bc3d26a14be) Importer(815301076,1909f56bfc062723c751e8b465ee728b)
Start importing Assets/personaje/linc.fbx using Guid(87c5d8072e9beee4a9cc0bc3d26a14be) Importer(815301076,1909f56bfc062723c751e8b465ee728b)  -> (artifact id: '44d6e0ab4aa7f2b6600e8ce3f36246fe') in 0.138919 seconds
  Import took 0.141845 seconds .

========================================================================
Received Import Request.
  Time since last request: 91.878478 seconds.
  path: Assets/personaje/linc.fbx
  artifactKey: Guid(87c5d8072e9beee4a9cc0bc3d26a14be) Importer(815301076,1909f56bfc062723c751e8b465ee728b)
Start importing Assets/personaje/linc.fbx using Guid(87c5d8072e9beee4a9cc0bc3d26a14be) Importer(815301076,1909f56bfc062723c751e8b465ee728b)  -> (artifact id: 'bb6caffe85354fe98df78c6811f7d34e') in 0.043273 seconds
  Import took 0.045973 seconds .

========================================================================
Received Import Request.
  Time since last request: 0.000206 seconds.
  path: Assets/personaje/linc@Unarmed Walk Forward.fbx
  artifactKey: Guid(86ac3e474dbb7b1439ce2deeb975405f) Importer(815301076,1909f56bfc062723c751e8b465ee728b)
Start importing Assets/personaje/linc@Unarmed Walk Forward.fbx using Guid(86ac3e474dbb7b1439ce2deeb975405f) Importer(815301076,1909f56bfc062723c751e8b465ee728b)  -> (artifact id: '42a94a82a2e8ac1db10cf7810aec50ff') in 0.010887 seconds
  Import took 0.013476 seconds .

========================================================================
Received Import Request.
  Time since last request: 94.757418 seconds.
  path: Assets/personaje/linc.fbx
  artifactKey: Guid(87c5d8072e9beee4a9cc0bc3d26a14be) Importer(815301076,1909f56bfc062723c751e8b465ee728b)
Start importing Assets/personaje/linc.fbx using Guid(87c5d8072e9beee4a9cc0bc3d26a14be) Importer(815301076,1909f56bfc062723c751e8b465ee728b)  -> (artifact id: 'ec929d2961211025c198de2ce8204c4e') in 0.059696 seconds
  Import took 0.063277 seconds .

========================================================================
Received Import Request.
  Time since last request: 0.000277 seconds.
  path: Assets/personaje/linc@Unarmed Walk Back.fbx
  artifactKey: Guid(7b2cc4b22df674a46b0bb4364d7adce4) Importer(815301076,1909f56bfc062723c751e8b465ee728b)
Start importing Assets/personaje/linc@Unarmed Walk Back.fbx using Guid(7b2cc4b22df674a46b0bb4364d7adce4) Importer(815301076,1909f56bfc062723c751e8b465ee728b)  -> (artifact id: '178c3ed29c881c193c1d5ffe607362f4') in 0.008548 seconds
  Import took 0.010892 seconds .

========================================================================
Received Import Request.
  Time since last request: 249.431336 seconds.
  path: Assets/personaje/linc.fbx
  artifactKey: Guid(87c5d8072e9beee4a9cc0bc3d26a14be) Importer(815301076,1909f56bfc062723c751e8b465ee728b)
Start importing Assets/personaje/linc.fbx using Guid(87c5d8072e9beee4a9cc0bc3d26a14be) Importer(815301076,1909f56bfc062723c751e8b465ee728b)  -> (artifact id: '205b161770579573e3f25150bd0b4152') in 0.055526 seconds
  Import took 0.058509 seconds .

========================================================================
Received Import Request.
  Time since last request: 0.000177 seconds.
  path: Assets/personaje/linc@Unarmed Idle.fbx
  artifactKey: Guid(c60f4d21c9b1b9d4fbf1a5e919533190) Importer(815301076,1909f56bfc062723c751e8b465ee728b)
Start importing Assets/personaje/linc@Unarmed Idle.fbx using Guid(c60f4d21c9b1b9d4fbf1a5e919533190) Importer(815301076,1909f56bfc062723c751e8b465ee728b)  -> (artifact id: '8aa8e3431e4585eebcde78d495957945') in 0.009145 seconds
  Import took 0.011367 seconds .

========================================================================
Received Import Request.
  Time since last request: 72.952771 seconds.
  path: Assets/personaje/linc@Unarmed Idle.fbx
  artifactKey: Guid(c60f4d21c9b1b9d4fbf1a5e919533190) Importer(815301076,1909f56bfc062723c751e8b465ee728b)
Start importing Assets/personaje/linc@Unarmed Idle.fbx using Guid(c60f4d21c9b1b9d4fbf1a5e919533190) Importer(815301076,1909f56bfc062723c751e8b465ee728b)  -> (artifact id: 'd504f93f483343f0aefc3f3c9bb38eda') in 0.004736 seconds
  Import took 0.007205 seconds .

========================================================================
Received Import Request.
  Time since last request: 14.504229 seconds.
  path: Assets/personaje/linc@Unarmed Walk Back.fbx
  artifactKey: Guid(7b2cc4b22df674a46b0bb4364d7adce4) Importer(815301076,1909f56bfc062723c751e8b465ee728b)
Start importing Assets/personaje/linc@Unarmed Walk Back.fbx using Guid(7b2cc4b22df674a46b0bb4364d7adce4) Importer(815301076,1909f56bfc062723c751e8b465ee728b)  -> (artifact id: '6fcff7ba07f70938ffc632f392d76893') in 0.005001 seconds
  Import took 0.007560 seconds .

========================================================================
Received Import Request.
  Time since last request: 8.318261 seconds.
  path: Assets/personaje/linc@Unarmed Walk Forward.fbx
  artifactKey: Guid(86ac3e474dbb7b1439ce2deeb975405f) Importer(815301076,1909f56bfc062723c751e8b465ee728b)
Start importing Assets/personaje/linc@Unarmed Walk Forward.fbx using Guid(86ac3e474dbb7b1439ce2deeb975405f) Importer(815301076,1909f56bfc062723c751e8b465ee728b)  -> (artifact id: '8960f6fd2f0ee0a25c8dd1293e599359') in 0.004914 seconds
  Import took 0.007201 seconds .

========================================================================
Received Import Request.
  Time since last request: 47.739449 seconds.
  path: Assets/personaje/animation
  artifactKey: Guid(77d998af21fa831408121a3ee6e558b1) Importer(815301076,1909f56bfc062723c751e8b465ee728b)
Start importing Assets/personaje/animation using Guid(77d998af21fa831408121a3ee6e558b1) Importer(815301076,1909f56bfc062723c751e8b465ee728b)  -> (artifact id: '67473c61bd72222605fada46258f2f9a') in 0.005864 seconds
  Import took 0.008330 seconds .

========================================================================
Received Import Request.
  Time since last request: 0.000225 seconds.
  path: Assets/personaje/animation
  artifactKey: Guid(77d998af21fa831408121a3ee6e558b1) Importer(815301076,1909f56bfc062723c751e8b465ee728b)
Start importing Assets/personaje/animation using Guid(77d998af21fa831408121a3ee6e558b1) Importer(815301076,1909f56bfc062723c751e8b465ee728b)  -> (artifact id: '67473c61bd72222605fada46258f2f9a') in 0.001858 seconds
  Import took 0.003899 seconds .

========================================================================
Received Import Request.
  Time since last request: 6.708058 seconds.
  path: Assets/personaje/prefab
  artifactKey: Guid(099563286957e9d47ab9b63d45b3efc4) Importer(815301076,1909f56bfc062723c751e8b465ee728b)
Start importing Assets/personaje/prefab using Guid(099563286957e9d47ab9b63d45b3efc4) Importer(815301076,1909f56bfc062723c751e8b465ee728b)  -> (artifact id: '1543360f5d0b65457cbc76083b937370') in 0.006316 seconds
  Import took 0.008670 seconds .

========================================================================
Received Import Request.
  Time since last request: 0.000445 seconds.
  path: Assets/personaje/prefab
  artifactKey: Guid(099563286957e9d47ab9b63d45b3efc4) Importer(815301076,1909f56bfc062723c751e8b465ee728b)
Start importing Assets/personaje/prefab using Guid(099563286957e9d47ab9b63d45b3efc4) Importer(815301076,1909f56bfc062723c751e8b465ee728b)  -> (artifact id: '1543360f5d0b65457cbc76083b937370') in 0.002249 seconds
  Import took 0.004273 seconds .

========================================================================
Received Import Request.
  Time since last request: 7.255878 seconds.
  path: Assets/personaje/materials
  artifactKey: Guid(d1002fdc03404944d892ff05f4d060f8) Importer(815301076,1909f56bfc062723c751e8b465ee728b)
Start importing Assets/personaje/materials using Guid(d1002fdc03404944d892ff05f4d060f8) Importer(815301076,1909f56bfc062723c751e8b465ee728b)  -> (artifact id: 'ea86c412d2a74d646aa0d12714fb9e0c') in 0.005909 seconds
  Import took 0.008214 seconds .

========================================================================
Received Import Request.
  Time since last request: 0.000289 seconds.
  path: Assets/personaje/materials
  artifactKey: Guid(d1002fdc03404944d892ff05f4d060f8) Importer(815301076,1909f56bfc062723c751e8b465ee728b)
Start importing Assets/personaje/materials using Guid(d1002fdc03404944d892ff05f4d060f8) Importer(815301076,1909f56bfc062723c751e8b465ee728b)  -> (artifact id: 'ea86c412d2a74d646aa0d12714fb9e0c') in 0.002187 seconds
  Import took 0.003770 seconds .

========================================================================
Received Import Request.
  Time since last request: 9.501153 seconds.
  path: Assets/personaje/scripts
  artifactKey: Guid(a93328871d1473b4996473045101650e) Importer(815301076,1909f56bfc062723c751e8b465ee728b)
Start importing Assets/personaje/scripts using Guid(a93328871d1473b4996473045101650e) Importer(815301076,1909f56bfc062723c751e8b465ee728b)  -> (artifact id: 'a004db482738ad29bb9d8f739434abd9') in 0.006377 seconds
  Import took 0.008835 seconds .

========================================================================
Received Prepare
Registering precompiled user dll's ...
Registered in 0.000596 seconds.
Begin MonoManager ReloadAssembly
Native extension for WindowsStandalone target not found
Native extension for WebGL target not found
Refreshing native plugins compatible for Editor in 0.25 ms, found 0 plugins.
Preloading 0 native plugins for Editor in 0.00 ms.
Invoked RoslynAnalysisRunner static constructor.
RoslynAnalysisRunner will not be running.
RoslynAnalysisRunner has terminated.
Mono: successfully reloaded assembly
- Completed reload, in  0.624 seconds
Platform modules already initialized, skipping
Refreshing native plugins compatible for Editor in 0.27 ms, found 0 plugins.
Preloading 0 native plugins for Editor in 0.00 ms.
Unloading 1246 Unused Serialized files (Serialized files now loaded: 0)
System memory in use before: 91.8 MB.
System memory in use after: 91.9 MB.

Unloading 6 unused Assets to reduce memory usage. Loaded Objects now: 1775.
Total: 1.885200 ms (FindLiveObjects: 0.182000 ms CreateObjectMapping: 0.037300 ms MarkObjects: 1.606200 ms  DeleteObjects: 0.058600 ms)

========================================================================
Received Prepare
Registering precompiled user dll's ...
Registered in 0.000555 seconds.
Begin MonoManager ReloadAssembly
Native extension for WindowsStandalone target not found
Native extension for WebGL target not found
Refreshing native plugins compatible for Editor in 0.26 ms, found 0 plugins.
Preloading 0 native plugins for Editor in 0.00 ms.
Invoked RoslynAnalysisRunner static constructor.
RoslynAnalysisRunner will not be running.
RoslynAnalysisRunner has terminated.
Mono: successfully reloaded assembly
- Completed reload, in  0.624 seconds
Platform modules already initialized, skipping
Refreshing native plugins compatible for Editor in 0.25 ms, found 0 plugins.
Preloading 0 native plugins for Editor in 0.00 ms.
Unloading 1246 Unused Serialized files (Serialized files now loaded: 0)
System memory in use before: 91.8 MB.
System memory in use after: 91.9 MB.

Unloading 6 unused Assets to reduce memory usage. Loaded Objects now: 1777.
Total: 1.678300 ms (FindLiveObjects: 0.193400 ms CreateObjectMapping: 0.032400 ms MarkObjects: 1.397800 ms  DeleteObjects: 0.053700 ms)

========================================================================
Received Import Request.
  Time since last request: 61.189330 seconds.
  path: Assets/personaje/prefab/linc.prefab
  artifactKey: Guid(0fc12ffeabed44d4fbeeb7e9b15a074b) Importer(815301076,1909f56bfc062723c751e8b465ee728b)
Start importing Assets/personaje/prefab/linc.prefab using Guid(0fc12ffeabed44d4fbeeb7e9b15a074b) Importer(815301076,1909f56bfc062723c751e8b465ee728b)  -> (artifact id: '77c2574df311366089af4f4fc2cb44db') in 0.085253 seconds
  Import took 0.087871 seconds .

========================================================================
Received Import Request.
  Time since last request: 91.020576 seconds.
  path: Assets/personaje/Linceanima.controller
  artifactKey: Guid(9abb3dc8a3c594a409566d3a94347508) Importer(815301076,1909f56bfc062723c751e8b465ee728b)
Start importing Assets/personaje/Linceanima.controller using Guid(9abb3dc8a3c594a409566d3a94347508) Importer(815301076,1909f56bfc062723c751e8b465ee728b)  -> (artifact id: 'fb997e1ec930697872612d2cd7dab722') in 0.008031 seconds
  Import took 0.010508 seconds .

========================================================================
Received Import Request.
  Time since last request: 0.000479 seconds.
  path: Assets/personaje/Linceanima.controller
  artifactKey: Guid(9abb3dc8a3c594a409566d3a94347508) Importer(815301076,1909f56bfc062723c751e8b465ee728b)
Start importing Assets/personaje/Linceanima.controller using Guid(9abb3dc8a3c594a409566d3a94347508) Importer(815301076,1909f56bfc062723c751e8b465ee728b)  -> (artifact id: 'fb997e1ec930697872612d2cd7dab722') in 0.002671 seconds
  Import took 0.004754 seconds .

========================================================================
Received Import Request.
  Time since last request: 244.563810 seconds.
  path: Assets/personaje/animation/linc.fbx
  artifactKey: Guid(87c5d8072e9beee4a9cc0bc3d26a14be) Importer(815301076,1909f56bfc062723c751e8b465ee728b)
Start importing Assets/personaje/animation/linc.fbx using Guid(87c5d8072e9beee4a9cc0bc3d26a14be) Importer(815301076,1909f56bfc062723c751e8b465ee728b)  -> (artifact id: 'fae531feb533c8daedf0097a75cf4ea0') in 0.082629 seconds
  Import took 0.085630 seconds .

========================================================================
Received Import Request.
  Time since last request: 0.000174 seconds.
  path: Assets/personaje/animation/linc@Standing Jump.fbx
  artifactKey: Guid(7b419618db7c8b341a2a178bc13d592a) Importer(815301076,1909f56bfc062723c751e8b465ee728b)
Start importing Assets/personaje/animation/linc@Standing Jump.fbx using Guid(7b419618db7c8b341a2a178bc13d592a) Importer(815301076,1909f56bfc062723c751e8b465ee728b)  -> (artifact id: '0ef32d78f7da789bf10f4683dcc1ae3c') in 0.008343 seconds
  Import took 0.010613 seconds .

========================================================================
Received Import Request.
  Time since last request: 13.619815 seconds.
  path: Assets/personaje/animation/linc@Standing Jump.fbx
  artifactKey: Guid(7b419618db7c8b341a2a178bc13d592a) Importer(815301076,1909f56bfc062723c751e8b465ee728b)
Start importing Assets/personaje/animation/linc@Standing Jump.fbx using Guid(7b419618db7c8b341a2a178bc13d592a) Importer(815301076,1909f56bfc062723c751e8b465ee728b)  -> (artifact id: 'bef8a73f272d535dd9f03efdb407129e') in 0.005290 seconds
  Import took 0.007814 seconds .

========================================================================
Received Import Request.
  Time since last request: 0.002149 seconds.
  path: Assets/personaje/animation/linc@Standing Jump.fbx
  artifactKey: Guid(7b419618db7c8b341a2a178bc13d592a) Importer(815301076,1909f56bfc062723c751e8b465ee728b)
Start importing Assets/personaje/animation/linc@Standing Jump.fbx using Guid(7b419618db7c8b341a2a178bc13d592a) Importer(815301076,1909f56bfc062723c751e8b465ee728b)  -> (artifact id: 'bef8a73f272d535dd9f03efdb407129e') in 0.005374 seconds
  Import took 0.007970 seconds .

========================================================================
Received Import Request.
  Time since last request: 18.573726 seconds.
  path: Assets/personaje/animation/linc.fbx
  artifactKey: Guid(87c5d8072e9beee4a9cc0bc3d26a14be) Importer(815301076,1909f56bfc062723c751e8b465ee728b)
Start importing Assets/personaje/animation/linc.fbx using Guid(87c5d8072e9beee4a9cc0bc3d26a14be) Importer(815301076,1909f56bfc062723c751e8b465ee728b)  -> (artifact id: '002b8888bd3730bb69e91f60bd647224') in 0.051988 seconds
  Import took 0.054886 seconds .

========================================================================
Received Import Request.
  Time since last request: 0.000322 seconds.
  path: Assets/personaje/animation/linc@Standing Draw Arrow.fbx
  artifactKey: Guid(9a2f00935be385946b004c11abcac111) Importer(815301076,1909f56bfc062723c751e8b465ee728b)
Start importing Assets/personaje/animation/linc@Standing Draw Arrow.fbx using Guid(9a2f00935be385946b004c11abcac111) Importer(815301076,1909f56bfc062723c751e8b465ee728b)  -> (artifact id: '8fe58d43622e969d6549023c7d460c25') in 0.010089 seconds
  Import took 0.013006 seconds .

========================================================================
Received Import Request.
  Time since last request: 9.072752 seconds.
  path: Assets/personaje/animation/linc@Standing Draw Arrow.fbx
  artifactKey: Guid(9a2f00935be385946b004c11abcac111) Importer(815301076,1909f56bfc062723c751e8b465ee728b)
Start importing Assets/personaje/animation/linc@Standing Draw Arrow.fbx using Guid(9a2f00935be385946b004c11abcac111) Importer(815301076,1909f56bfc062723c751e8b465ee728b)  -> (artifact id: '32a2922c9a753048e5bb5adb1a29769a') in 0.005035 seconds
  Import took 0.007304 seconds .

========================================================================
Received Import Request.
  Time since last request: 0.003463 seconds.
  path: Assets/personaje/animation/linc@Standing Draw Arrow.fbx
  artifactKey: Guid(9a2f00935be385946b004c11abcac111) Importer(815301076,1909f56bfc062723c751e8b465ee728b)
Start importing Assets/personaje/animation/linc@Standing Draw Arrow.fbx using Guid(9a2f00935be385946b004c11abcac111) Importer(815301076,1909f56bfc062723c751e8b465ee728b)  -> (artifact id: '32a2922c9a753048e5bb5adb1a29769a') in 0.005979 seconds
  Import took 0.008195 seconds .

========================================================================
Received Import Request.
  Time since last request: 642.819040 seconds.
  path: Assets/personaje/animation/linc.fbx
  artifactKey: Guid(87c5d8072e9beee4a9cc0bc3d26a14be) Importer(815301076,1909f56bfc062723c751e8b465ee728b)
Start importing Assets/personaje/animation/linc.fbx using Guid(87c5d8072e9beee4a9cc0bc3d26a14be) Importer(815301076,1909f56bfc062723c751e8b465ee728b)  -> (artifact id: '07cdf0ce8f06ee05605b3814dd1e9985') in 0.061500 seconds
  Import took 0.064262 seconds .

========================================================================
Received Import Request.
  Time since last request: 0.000185 seconds.
  path: Assets/personaje/animation/linc@Standing Walk Right.fbx
  artifactKey: Guid(e0fe134489262f94b8710288128d12fd) Importer(815301076,1909f56bfc062723c751e8b465ee728b)
Start importing Assets/personaje/animation/linc@Standing Walk Right.fbx using Guid(e0fe134489262f94b8710288128d12fd) Importer(815301076,1909f56bfc062723c751e8b465ee728b)  -> (artifact id: '96cd99e8096f6ff1cba2cddc7dee3ba3') in 0.008279 seconds
  Import took 0.010769 seconds .

========================================================================
Received Import Request.
  Time since last request: 11.832769 seconds.
  path: Assets/personaje/animation/linc@Standing Walk Right.fbx
  artifactKey: Guid(e0fe134489262f94b8710288128d12fd) Importer(815301076,1909f56bfc062723c751e8b465ee728b)
Start importing Assets/personaje/animation/linc@Standing Walk Right.fbx using Guid(e0fe134489262f94b8710288128d12fd) Importer(815301076,1909f56bfc062723c751e8b465ee728b)  -> (artifact id: 'efdccdef18be91350dc2e76d2a06f4f0') in 0.005117 seconds
  Import took 0.007619 seconds .

========================================================================
Received Import Request.
  Time since last request: 0.010146 seconds.
  path: Assets/personaje/animation/linc@Standing Walk Right.fbx
  artifactKey: Guid(e0fe134489262f94b8710288128d12fd) Importer(815301076,1909f56bfc062723c751e8b465ee728b)
Start importing Assets/personaje/animation/linc@Standing Walk Right.fbx using Guid(e0fe134489262f94b8710288128d12fd) Importer(815301076,1909f56bfc062723c751e8b465ee728b)  -> (artifact id: 'efdccdef18be91350dc2e76d2a06f4f0') in 0.004939 seconds
  Import took 0.007365 seconds .

========================================================================
Received Import Request.
  Time since last request: 2.944977 seconds.
  path: Assets/personaje/animation/linc.fbx
  artifactKey: Guid(87c5d8072e9beee4a9cc0bc3d26a14be) Importer(815301076,1909f56bfc062723c751e8b465ee728b)
Start importing Assets/personaje/animation/linc.fbx using Guid(87c5d8072e9beee4a9cc0bc3d26a14be) Importer(815301076,1909f56bfc062723c751e8b465ee728b)  -> (artifact id: '5aa9e7adb36e5875f5384298cfde4b73') in 0.058561 seconds
  Import took 0.061561 seconds .

========================================================================
Received Import Request.
  Time since last request: 0.000205 seconds.
  path: Assets/personaje/animation/linc@Standing Walk Left.fbx
  artifactKey: Guid(f347c0a8732a8c240ba18a3f690d0424) Importer(815301076,1909f56bfc062723c751e8b465ee728b)
Start importing Assets/personaje/animation/linc@Standing Walk Left.fbx using Guid(f347c0a8732a8c240ba18a3f690d0424) Importer(815301076,1909f56bfc062723c751e8b465ee728b)  -> (artifact id: '0b2f9e8d660e4a8a491d6c058a65e2be') in 0.008743 seconds
  Import took 0.010812 seconds .

========================================================================
Received Import Request.
  Time since last request: 13.131642 seconds.
  path: Assets/personaje/animation/linc@Standing Walk Left.fbx
  artifactKey: Guid(f347c0a8732a8c240ba18a3f690d0424) Importer(815301076,1909f56bfc062723c751e8b465ee728b)
Start importing Assets/personaje/animation/linc@Standing Walk Left.fbx using Guid(f347c0a8732a8c240ba18a3f690d0424) Importer(815301076,1909f56bfc062723c751e8b465ee728b)  -> (artifact id: '9fd59fa397dba8508fc8739a9f8cebba') in 0.005239 seconds
  Import took 0.008253 seconds .

========================================================================
Received Import Request.
  Time since last request: 0.003282 seconds.
  path: Assets/personaje/animation/linc@Standing Walk Left.fbx
  artifactKey: Guid(f347c0a8732a8c240ba18a3f690d0424) Importer(815301076,1909f56bfc062723c751e8b465ee728b)
Start importing Assets/personaje/animation/linc@Standing Walk Left.fbx using Guid(f347c0a8732a8c240ba18a3f690d0424) Importer(815301076,1909f56bfc062723c751e8b465ee728b)  -> (artifact id: '9fd59fa397dba8508fc8739a9f8cebba') in 0.004954 seconds
  Import took 0.007437 seconds .

========================================================================
Received Prepare
Registering precompiled user dll's ...
Registered in 0.000652 seconds.
Begin MonoManager ReloadAssembly
Native extension for WindowsStandalone target not found
Native extension for WebGL target not found
Refreshing native plugins compatible for Editor in 0.26 ms, found 0 plugins.
Preloading 0 native plugins for Editor in 0.00 ms.
Invoked RoslynAnalysisRunner static constructor.
RoslynAnalysisRunner will not be running.
RoslynAnalysisRunner has terminated.
Mono: successfully reloaded assembly
- Completed reload, in  0.608 seconds
Platform modules already initialized, skipping
Refreshing native plugins compatible for Editor in 0.27 ms, found 0 plugins.
Preloading 0 native plugins for Editor in 0.00 ms.
Unloading 1246 Unused Serialized files (Serialized files now loaded: 0)
System memory in use before: 91.9 MB.
System memory in use after: 92.0 MB.

Unloading 6 unused Assets to reduce memory usage. Loaded Objects now: 1780.
Total: 1.875700 ms (FindLiveObjects: 0.239400 ms CreateObjectMapping: 0.035900 ms MarkObjects: 1.535500 ms  DeleteObjects: 0.063900 ms)

========================================================================
Received Prepare
Registering precompiled user dll's ...
Registered in 0.000536 seconds.
Begin MonoManager ReloadAssembly
Native extension for WindowsStandalone target not found
Native extension for WebGL target not found
Refreshing native plugins compatible for Editor in 0.26 ms, found 0 plugins.
Preloading 0 native plugins for Editor in 0.00 ms.
Invoked RoslynAnalysisRunner static constructor.
RoslynAnalysisRunner will not be running.
RoslynAnalysisRunner has terminated.
Mono: successfully reloaded assembly
- Completed reload, in  0.607 seconds
Platform modules already initialized, skipping
Refreshing native plugins compatible for Editor in 0.29 ms, found 0 plugins.
Preloading 0 native plugins for Editor in 0.00 ms.
Unloading 1246 Unused Serialized files (Serialized files now loaded: 0)
System memory in use before: 91.9 MB.
System memory in use after: 92.0 MB.

Unloading 6 unused Assets to reduce memory usage. Loaded Objects now: 1782.
Total: 1.755200 ms (FindLiveObjects: 0.159100 ms CreateObjectMapping: 0.030900 ms MarkObjects: 1.505400 ms  DeleteObjects: 0.058500 ms)

========================================================================
Received Import Request.
  Time since last request: 521.979750 seconds.
  path: Assets/personaje/scripts/jugador.cs
  artifactKey: Guid(d43c68a3c761cfb4c93b493122d095a0) Importer(815301076,1909f56bfc062723c751e8b465ee728b)
Start importing Assets/personaje/scripts/jugador.cs using Guid(d43c68a3c761cfb4c93b493122d095a0) Importer(815301076,1909f56bfc062723c751e8b465ee728b)  -> (artifact id: 'eb645989ee4c1c72bea4eb78e734f089') in 0.010661 seconds
  Import took 0.013014 seconds .

========================================================================
Received Import Request.
  Time since last request: 0.000243 seconds.
  path: Assets/personaje/scripts/jugador.cs
  artifactKey: Guid(d43c68a3c761cfb4c93b493122d095a0) Importer(815301076,1909f56bfc062723c751e8b465ee728b)
Start importing Assets/personaje/scripts/jugador.cs using Guid(d43c68a3c761cfb4c93b493122d095a0) Importer(815301076,1909f56bfc062723c751e8b465ee728b)  -> (artifact id: 'eb645989ee4c1c72bea4eb78e734f089') in 0.001986 seconds
  Import took 0.003645 seconds .

========================================================================
Received Prepare
Registering precompiled user dll's ...
Registered in 0.000678 seconds.
Begin MonoManager ReloadAssembly
Native extension for WindowsStandalone target not found
Native extension for WebGL target not found
Refreshing native plugins compatible for Editor in 0.26 ms, found 0 plugins.
Preloading 0 native plugins for Editor in 0.00 ms.
Invoked RoslynAnalysisRunner static constructor.
RoslynAnalysisRunner will not be running.
RoslynAnalysisRunner has terminated.
Mono: successfully reloaded assembly
- Completed reload, in  0.620 seconds
Platform modules already initialized, skipping
Refreshing native plugins compatible for Editor in 0.25 ms, found 0 plugins.
Preloading 0 native plugins for Editor in 0.00 ms.
Unloading 1246 Unused Serialized files (Serialized files now loaded: 0)
System memory in use before: 91.9 MB.
System memory in use after: 92.0 MB.

Unloading 6 unused Assets to reduce memory usage. Loaded Objects now: 1784.
Total: 1.892100 ms (FindLiveObjects: 0.182900 ms CreateObjectMapping: 0.033600 ms MarkObjects: 1.621000 ms  DeleteObjects: 0.053100 ms)

========================================================================
Received Import Request.
  Time since last request: 132.147901 seconds.
  path: Assets/personaje/scripts/jugador.cs
  artifactKey: Guid(d43c68a3c761cfb4c93b493122d095a0) Importer(815301076,1909f56bfc062723c751e8b465ee728b)
Start importing Assets/personaje/scripts/jugador.cs using Guid(d43c68a3c761cfb4c93b493122d095a0) Importer(815301076,1909f56bfc062723c751e8b465ee728b)  -> (artifact id: '60f6869d1f09134e835c5d9358519346') in 0.004311 seconds
  Import took 0.006350 seconds .

========================================================================
Received Prepare
Registering precompiled user dll's ...
Registered in 0.000618 seconds.
Begin MonoManager ReloadAssembly
Native extension for WindowsStandalone target not found
Native extension for WebGL target not found
Refreshing native plugins compatible for Editor in 0.26 ms, found 0 plugins.
Preloading 0 native plugins for Editor in 0.00 ms.
Invoked RoslynAnalysisRunner static constructor.
RoslynAnalysisRunner will not be running.
RoslynAnalysisRunner has terminated.
Mono: successfully reloaded assembly
- Completed reload, in  0.613 seconds
Platform modules already initialized, skipping
Refreshing native plugins compatible for Editor in 0.27 ms, found 0 plugins.
Preloading 0 native plugins for Editor in 0.00 ms.
Unloading 1246 Unused Serialized files (Serialized files now loaded: 0)
System memory in use before: 91.9 MB.
System memory in use after: 92.0 MB.

Unloading 6 unused Assets to reduce memory usage. Loaded Objects now: 1786.
Total: 1.834500 ms (FindLiveObjects: 0.220400 ms CreateObjectMapping: 0.044700 ms MarkObjects: 1.505200 ms  DeleteObjects: 0.062500 ms)

========================================================================
Received Prepare
Registering precompiled user dll's ...
Registered in 0.000669 seconds.
Begin MonoManager ReloadAssembly
Native extension for WindowsStandalone target not found
Native extension for WebGL target not found
Refreshing native plugins compatible for Editor in 0.26 ms, found 0 plugins.
Preloading 0 native plugins for Editor in 0.00 ms.
Invoked RoslynAnalysisRunner static constructor.
RoslynAnalysisRunner will not be running.
RoslynAnalysisRunner has terminated.
Mono: successfully reloaded assembly
- Completed reload, in  0.620 seconds
Platform modules already initialized, skipping
Refreshing native plugins compatible for Editor in 0.33 ms, found 0 plugins.
Preloading 0 native plugins for Editor in 0.00 ms.
Unloading 1246 Unused Serialized files (Serialized files now loaded: 0)
System memory in use before: 91.9 MB.
System memory in use after: 92.0 MB.

Unloading 6 unused Assets to reduce memory usage. Loaded Objects now: 1788.
Total: 1.636400 ms (FindLiveObjects: 0.188300 ms CreateObjectMapping: 0.029300 ms MarkObjects: 1.359100 ms  DeleteObjects: 0.058700 ms)

========================================================================
Received Prepare
Registering precompiled user dll's ...
Registered in 0.000606 seconds.
Begin MonoManager ReloadAssembly
Native extension for WindowsStandalone target not found
Native extension for WebGL target not found
Refreshing native plugins compatible for Editor in 0.27 ms, found 0 plugins.
Preloading 0 native plugins for Editor in 0.00 ms.
Invoked RoslynAnalysisRunner static constructor.
RoslynAnalysisRunner will not be running.
RoslynAnalysisRunner has terminated.
Mono: successfully reloaded assembly
- Completed reload, in  0.621 seconds
Platform modules already initialized, skipping
Refreshing native plugins compatible for Editor in 0.26 ms, found 0 plugins.
Preloading 0 native plugins for Editor in 0.00 ms.
Unloading 1246 Unused Serialized files (Serialized files now loaded: 0)
System memory in use before: 91.9 MB.
System memory in use after: 92.0 MB.

Unloading 6 unused Assets to reduce memory usage. Loaded Objects now: 1790.
Total: 1.731600 ms (FindLiveObjects: 0.179700 ms CreateObjectMapping: 0.037300 ms MarkObjects: 1.454400 ms  DeleteObjects: 0.059100 ms)

========================================================================
Received Prepare
Registering precompiled user dll's ...
Registered in 0.000540 seconds.
Begin MonoManager ReloadAssembly
Native extension for WindowsStandalone target not found
Native extension for WebGL target not found
Refreshing native plugins compatible for Editor in 0.26 ms, found 0 plugins.
Preloading 0 native plugins for Editor in 0.00 ms.
Invoked RoslynAnalysisRunner static constructor.
RoslynAnalysisRunner will not be running.
RoslynAnalysisRunner has terminated.
Mono: successfully reloaded assembly
- Completed reload, in  0.632 seconds
Platform modules already initialized, skipping
Refreshing native plugins compatible for Editor in 0.31 ms, found 0 plugins.
Preloading 0 native plugins for Editor in 0.00 ms.
Unloading 1246 Unused Serialized files (Serialized files now loaded: 0)
System memory in use before: 91.9 MB.
System memory in use after: 92.0 MB.

Unloading 6 unused Assets to reduce memory usage. Loaded Objects now: 1792.
Total: 1.702400 ms (FindLiveObjects: 0.162800 ms CreateObjectMapping: 0.031700 ms MarkObjects: 1.440700 ms  DeleteObjects: 0.065700 ms)

========================================================================
Received Prepare
Registering precompiled user dll's ...
Registered in 0.000576 seconds.
Begin MonoManager ReloadAssembly
Native extension for WindowsStandalone target not found
Native extension for WebGL target not found
Refreshing native plugins compatible for Editor in 0.26 ms, found 0 plugins.
Preloading 0 native plugins for Editor in 0.00 ms.
Invoked RoslynAnalysisRunner static constructor.
RoslynAnalysisRunner will not be running.
RoslynAnalysisRunner has terminated.
Mono: successfully reloaded assembly
- Completed reload, in  0.626 seconds
Platform modules already initialized, skipping
Refreshing native plugins compatible for Editor in 0.26 ms, found 0 plugins.
Preloading 0 native plugins for Editor in 0.00 ms.
Unloading 1246 Unused Serialized files (Serialized files now loaded: 0)
System memory in use before: 91.9 MB.
System memory in use after: 92.0 MB.

Unloading 6 unused Assets to reduce memory usage. Loaded Objects now: 1794.
Total: 1.585000 ms (FindLiveObjects: 0.172900 ms CreateObjectMapping: 0.030500 ms MarkObjects: 1.329000 ms  DeleteObjects: 0.051700 ms)

========================================================================
Received Prepare
Registering precompiled user dll's ...
Registered in 0.000528 seconds.
Begin MonoManager ReloadAssembly
Native extension for WindowsStandalone target not found
Native extension for WebGL target not found
Refreshing native plugins compatible for Editor in 0.29 ms, found 0 plugins.
Preloading 0 native plugins for Editor in 0.00 ms.
Invoked RoslynAnalysisRunner static constructor.
RoslynAnalysisRunner will not be running.
RoslynAnalysisRunner has terminated.
Mono: successfully reloaded assembly
- Completed reload, in  0.637 seconds
Platform modules already initialized, skipping
Refreshing native plugins compatible for Editor in 0.26 ms, found 0 plugins.
Preloading 0 native plugins for Editor in 0.00 ms.
Unloading 1246 Unused Serialized files (Serialized files now loaded: 0)
System memory in use before: 91.9 MB.
System memory in use after: 92.0 MB.

Unloading 6 unused Assets to reduce memory usage. Loaded Objects now: 1796.
Total: 1.935800 ms (FindLiveObjects: 0.208000 ms CreateObjectMapping: 0.035300 ms MarkObjects: 1.622900 ms  DeleteObjects: 0.068100 ms)

========================================================================
Received Prepare
Registering precompiled user dll's ...
Registered in 0.000508 seconds.
Begin MonoManager ReloadAssembly
Native extension for WindowsStandalone target not found
Native extension for WebGL target not found
Refreshing native plugins compatible for Editor in 0.29 ms, found 0 plugins.
Preloading 0 native plugins for Editor in 0.00 ms.
Invoked RoslynAnalysisRunner static constructor.
RoslynAnalysisRunner will not be running.
RoslynAnalysisRunner has terminated.
Mono: successfully reloaded assembly
- Completed reload, in  0.638 seconds
Platform modules already initialized, skipping
Refreshing native plugins compatible for Editor in 0.27 ms, found 0 plugins.
Preloading 0 native plugins for Editor in 0.00 ms.
Unloading 1246 Unused Serialized files (Serialized files now loaded: 0)
System memory in use before: 91.9 MB.
System memory in use after: 92.0 MB.

Unloading 6 unused Assets to reduce memory usage. Loaded Objects now: 1798.
Total: 1.821700 ms (FindLiveObjects: 0.199400 ms CreateObjectMapping: 0.032300 ms MarkObjects: 1.521400 ms  DeleteObjects: 0.067200 ms)

========================================================================
Received Prepare
Registering precompiled user dll's ...
Registered in 0.000602 seconds.
Begin MonoManager ReloadAssembly
Native extension for WindowsStandalone target not found
Native extension for WebGL target not found
Refreshing native plugins compatible for Editor in 0.27 ms, found 0 plugins.
Preloading 0 native plugins for Editor in 0.00 ms.
Invoked RoslynAnalysisRunner static constructor.
RoslynAnalysisRunner will not be running.
RoslynAnalysisRunner has terminated.
Mono: successfully reloaded assembly
- Completed reload, in  0.635 seconds
Platform modules already initialized, skipping
Refreshing native plugins compatible for Editor in 0.29 ms, found 0 plugins.
Preloading 0 native plugins for Editor in 0.00 ms.
Unloading 1246 Unused Serialized files (Serialized files now loaded: 0)
System memory in use before: 91.9 MB.
System memory in use after: 92.0 MB.

Unloading 6 unused Assets to reduce memory usage. Loaded Objects now: 1800.
Total: 1.660600 ms (FindLiveObjects: 0.187700 ms CreateObjectMapping: 0.030600 ms MarkObjects: 1.379000 ms  DeleteObjects: 0.062200 ms)

========================================================================
Received Prepare
Registering precompiled user dll's ...
Registered in 0.000535 seconds.
Begin MonoManager ReloadAssembly
Native extension for WindowsStandalone target not found
Native extension for WebGL target not found
Refreshing native plugins compatible for Editor in 0.25 ms, found 0 plugins.
Preloading 0 native plugins for Editor in 0.00 ms.
Invoked RoslynAnalysisRunner static constructor.
RoslynAnalysisRunner will not be running.
RoslynAnalysisRunner has terminated.
Mono: successfully reloaded assembly
- Completed reload, in  0.618 seconds
Platform modules already initialized, skipping
Refreshing native plugins compatible for Editor in 0.29 ms, found 0 plugins.
Preloading 0 native plugins for Editor in 0.00 ms.
Unloading 1246 Unused Serialized files (Serialized files now loaded: 0)
System memory in use before: 91.9 MB.
System memory in use after: 92.0 MB.

Unloading 6 unused Assets to reduce memory usage. Loaded Objects now: 1802.
Total: 1.827900 ms (FindLiveObjects: 0.191400 ms CreateObjectMapping: 0.032200 ms MarkObjects: 1.528900 ms  DeleteObjects: 0.074500 ms)

========================================================================
Received Prepare
Registering precompiled user dll's ...
Registered in 0.000576 seconds.
Begin MonoManager ReloadAssembly
Native extension for WindowsStandalone target not found
Native extension for WebGL target not found
Refreshing native plugins compatible for Editor in 0.29 ms, found 0 plugins.
Preloading 0 native plugins for Editor in 0.00 ms.
Invoked RoslynAnalysisRunner static constructor.
RoslynAnalysisRunner will not be running.
RoslynAnalysisRunner has terminated.
Mono: successfully reloaded assembly
- Completed reload, in  0.651 seconds
Platform modules already initialized, skipping
Refreshing native plugins compatible for Editor in 0.33 ms, found 0 plugins.
Preloading 0 native plugins for Editor in 0.00 ms.
Unloading 1246 Unused Serialized files (Serialized files now loaded: 0)
System memory in use before: 91.9 MB.
System memory in use after: 92.0 MB.

Unloading 6 unused Assets to reduce memory usage. Loaded Objects now: 1804.
Total: 1.719500 ms (FindLiveObjects: 0.192200 ms CreateObjectMapping: 0.029100 ms MarkObjects: 1.433000 ms  DeleteObjects: 0.064000 ms)

========================================================================
Received Prepare
Registering precompiled user dll's ...
Registered in 0.000586 seconds.
Begin MonoManager ReloadAssembly
Native extension for WindowsStandalone target not found
Native extension for WebGL target not found
Refreshing native plugins compatible for Editor in 0.25 ms, found 0 plugins.
Preloading 0 native plugins for Editor in 0.00 ms.
Invoked RoslynAnalysisRunner static constructor.
RoslynAnalysisRunner will not be running.
RoslynAnalysisRunner has terminated.
Mono: successfully reloaded assembly
- Completed reload, in  0.628 seconds
Platform modules already initialized, skipping
Refreshing native plugins compatible for Editor in 0.26 ms, found 0 plugins.
Preloading 0 native plugins for Editor in 0.00 ms.
Unloading 1246 Unused Serialized files (Serialized files now loaded: 0)
System memory in use before: 91.9 MB.
System memory in use after: 92.0 MB.

Unloading 6 unused Assets to reduce memory usage. Loaded Objects now: 1806.
Total: 1.856800 ms (FindLiveObjects: 0.174500 ms CreateObjectMapping: 0.029200 ms MarkObjects: 1.582900 ms  DeleteObjects: 0.069300 ms)

========================================================================
Received Prepare
Registering precompiled user dll's ...
Registered in 0.000582 seconds.
Begin MonoManager ReloadAssembly
Native extension for WindowsStandalone target not found
Native extension for WebGL target not found
Refreshing native plugins compatible for Editor in 0.25 ms, found 0 plugins.
Preloading 0 native plugins for Editor in 0.00 ms.
Invoked RoslynAnalysisRunner static constructor.
RoslynAnalysisRunner will not be running.
RoslynAnalysisRunner has terminated.
Mono: successfully reloaded assembly
- Completed reload, in  0.616 seconds
Platform modules already initialized, skipping
Refreshing native plugins compatible for Editor in 0.26 ms, found 0 plugins.
Preloading 0 native plugins for Editor in 0.00 ms.
Unloading 1246 Unused Serialized files (Serialized files now loaded: 0)
System memory in use before: 91.9 MB.
System memory in use after: 92.0 MB.

Unloading 6 unused Assets to reduce memory usage. Loaded Objects now: 1808.
Total: 1.904200 ms (FindLiveObjects: 0.172600 ms CreateObjectMapping: 0.036600 ms MarkObjects: 1.633900 ms  DeleteObjects: 0.060100 ms)

========================================================================
Received Prepare
Registering precompiled user dll's ...
Registered in 0.000674 seconds.
Begin MonoManager ReloadAssembly
Native extension for WindowsStandalone target not found
Native extension for WebGL target not found
Refreshing native plugins compatible for Editor in 0.30 ms, found 0 plugins.
Preloading 0 native plugins for Editor in 0.00 ms.
Invoked RoslynAnalysisRunner static constructor.
RoslynAnalysisRunner will not be running.
RoslynAnalysisRunner has terminated.
Mono: successfully reloaded assembly
- Completed reload, in  0.642 seconds
Platform modules already initialized, skipping
Refreshing native plugins compatible for Editor in 0.26 ms, found 0 plugins.
Preloading 0 native plugins for Editor in 0.00 ms.
Unloading 1246 Unused Serialized files (Serialized files now loaded: 0)
System memory in use before: 92.0 MB.
System memory in use after: 92.0 MB.

Unloading 6 unused Assets to reduce memory usage. Loaded Objects now: 1810.
Total: 1.722600 ms (FindLiveObjects: 0.176000 ms CreateObjectMapping: 0.030600 ms MarkObjects: 1.437300 ms  DeleteObjects: 0.077600 ms)

========================================================================
Received Prepare
Registering precompiled user dll's ...
Registered in 0.000611 seconds.
Begin MonoManager ReloadAssembly
Native extension for WindowsStandalone target not found
Native extension for WebGL target not found
Refreshing native plugins compatible for Editor in 0.26 ms, found 0 plugins.
Preloading 0 native plugins for Editor in 0.00 ms.
Invoked RoslynAnalysisRunner static constructor.
RoslynAnalysisRunner will not be running.
RoslynAnalysisRunner has terminated.
Mono: successfully reloaded assembly
- Completed reload, in  0.627 seconds
Platform modules already initialized, skipping
Refreshing native plugins compatible for Editor in 0.26 ms, found 0 plugins.
Preloading 0 native plugins for Editor in 0.00 ms.
Unloading 1246 Unused Serialized files (Serialized files now loaded: 0)
System memory in use before: 92.0 MB.
System memory in use after: 92.0 MB.

Unloading 6 unused Assets to reduce memory usage. Loaded Objects now: 1812.
Total: 1.808900 ms (FindLiveObjects: 0.171500 ms CreateObjectMapping: 0.031400 ms MarkObjects: 1.543200 ms  DeleteObjects: 0.061600 ms)

AssetImportWorkerClient::OnTransportError - code=2 error=End of file
